{"uid":"af674eff913a04d4","name":"Create a user and verify the user exists","fullName":"Create user: Create a user and verify the user exists","historyId":"5ef3f485c6917402422986d2b4d1b6d0","time":{"start":1717773940567,"stop":1717773941019,"duration":452},"status":"failed","statusMessage":"AssertionError\n","statusTrace":"  File \"/Users/awitam/projects/reqres_tests/venv/lib/python3.9/site-packages/behave/model.py\", line 1329, in run\n    match.run(runner.context)\n  File \"/Users/awitam/projects/reqres_tests/venv/lib/python3.9/site-packages/behave/matchers.py\", line 98, in run\n    self.func(context, *args, **kwargs)\n  File \"features/steps/create_user_steps.py\", line 27, in step_verify_user_exists\n    assert response.status_code == 200\n","flaky":false,"newFailed":false,"newBroken":false,"newPassed":false,"retriesCount":0,"retriesStatusChange":false,"beforeStages":[],"testStage":{"status":"failed","statusMessage":"AssertionError\n","statusTrace":"  File \"/Users/awitam/projects/reqres_tests/venv/lib/python3.9/site-packages/behave/model.py\", line 1329, in run\n    match.run(runner.context)\n  File \"/Users/awitam/projects/reqres_tests/venv/lib/python3.9/site-packages/behave/matchers.py\", line 98, in run\n    self.func(context, *args, **kwargs)\n  File \"features/steps/create_user_steps.py\", line 27, in step_verify_user_exists\n    assert response.status_code == 200\n","steps":[{"name":"Given I have the user details","time":{"start":1717773940567,"stop":1717773940568,"duration":1},"status":"passed","steps":[],"attachments":[{"uid":"7dc37326f9bf593b","name":".table","source":"7dc37326f9bf593b.csv","type":"text/csv","size":31}],"parameters":[],"shouldDisplayMessage":false,"stepsCount":0,"attachmentsCount":1,"hasContent":true,"attachmentStep":false},{"name":"When I create a new user","time":{"start":1717773940568,"stop":1717773940814,"duration":246},"status":"passed","steps":[],"attachments":[],"parameters":[],"shouldDisplayMessage":false,"stepsCount":0,"attachmentsCount":0,"hasContent":false,"attachmentStep":false},{"name":"Then I should get a success response","time":{"start":1717773940815,"stop":1717773940815,"duration":0},"status":"passed","steps":[],"attachments":[],"parameters":[],"shouldDisplayMessage":false,"stepsCount":0,"attachmentsCount":0,"hasContent":false,"attachmentStep":false},{"name":"And the user should exist in the system","time":{"start":1717773940816,"stop":1717773941018,"duration":202},"status":"failed","statusMessage":"AssertionError\n","statusTrace":"  File \"/Users/awitam/projects/reqres_tests/venv/lib/python3.9/site-packages/behave/model.py\", line 1329, in run\n    match.run(runner.context)\n  File \"/Users/awitam/projects/reqres_tests/venv/lib/python3.9/site-packages/behave/matchers.py\", line 98, in run\n    self.func(context, *args, **kwargs)\n  File \"features/steps/create_user_steps.py\", line 27, in step_verify_user_exists\n    assert response.status_code == 200\n","steps":[],"attachments":[],"parameters":[],"shouldDisplayMessage":true,"stepsCount":0,"attachmentsCount":0,"hasContent":true,"attachmentStep":false}],"attachments":[],"parameters":[],"shouldDisplayMessage":false,"stepsCount":4,"attachmentsCount":1,"hasContent":true,"attachmentStep":false},"afterStages":[],"labels":[{"name":"severity","value":"normal"},{"name":"feature","value":"Create user"},{"name":"framework","value":"behave"},{"name":"language","value":"cpython3"},{"name":"resultFormat","value":"allure2"}],"parameters":[],"links":[],"hidden":false,"retry":false,"extra":{"severity":"normal","retries":[],"categories":[{"name":"Product defects","matchedStatuses":[],"flaky":false}],"tags":[]},"source":"af674eff913a04d4.json","parameterValues":[]}